{"uuid":"20123ae9-5827-40b3-a579-9c5a66130e27","historyId":"42da596655aed54cb15b6e60a87a1bba","fullName":"Search: Compare iPhone 11 prices on Ebay","labels":[{"name":"host","value":"ADMIN"},{"name":"thread","value":"40640@ADMIN.main(1)"},{"name":"feature","value":"Search"},{"name":"story","value":"Compare iPhone 11 prices on Ebay"},{"name":"suite","value":"Search"},{"name":"testClass","value":"Compare iPhone 11 prices on Ebay"},{"name":"framework","value":"cucumber4jvm"},{"name":"language","value":"java"},{"name":"gherkin_uri","value":"file:///D:/VTI/Ecommerce_Product/src/main/resources/features/test.feature"},{"name":"package","value":"src.main.resources.features.test_feature.Search"}],"links":[],"name":"Compare iPhone 11 prices on Ebay","status":"broken","statusDetails":{"known":false,"muted":false,"flaky":false,"message":"Step [^[a-zA-Z].* input into search textbox on Ebay] is defined with 0 parameters at 'step.EbayStep.inputIntoSearchTextboxOnEbay()'.\nHowever, the gherkin step has 1 arguments:\n * Table:\n      | inputSearch |\n      | iphone 11   |\n\nStep text: Customer input into search textbox on Ebay","trace":"io.cucumber.core.exception.CucumberException: Step [^[a-zA-Z].* input into search textbox on Ebay] is defined with 0 parameters at 'step.EbayStep.inputIntoSearchTextboxOnEbay()'.\nHowever, the gherkin step has 1 arguments:\n * Table:\n      | inputSearch |\n      | iphone 11   |\n\nStep text: Customer input into search textbox on Ebay\r\n\tat io.cucumber.core.runner.PickleStepDefinitionMatch.arityMismatch(PickleStepDefinitionMatch.java:83)\r\n\tat io.cucumber.core.runner.PickleStepDefinitionMatch.runStep(PickleStepDefinitionMatch.java:42)\r\n\tat io.cucumber.core.runner.ExecutionMode$1.execute(ExecutionMode.java:10)\r\n\tat io.cucumber.core.runner.TestStep.executeStep(TestStep.java:84)\r\n\tat io.cucumber.core.runner.TestStep.run(TestStep.java:56)\r\n\tat io.cucumber.core.runner.PickleStepTestStep.run(PickleStepTestStep.java:51)\r\n\tat io.cucumber.core.runner.TestCase.run(TestCase.java:84)\r\n\tat io.cucumber.core.runner.Runner.runPickle(Runner.java:75)\r\n\tat io.cucumber.testng.TestNGCucumberRunner.lambda$runScenario$1(TestNGCucumberRunner.java:132)\r\n\tat io.cucumber.core.runtime.CucumberExecutionContext.lambda$runTestCase$5(CucumberExecutionContext.java:137)\r\n\tat io.cucumber.core.runtime.RethrowingThrowableCollector.executeAndThrow(RethrowingThrowableCollector.java:23)\r\n\tat io.cucumber.core.runtime.CucumberExecutionContext.runTestCase(CucumberExecutionContext.java:137)\r\n\tat io.cucumber.testng.TestNGCucumberRunner.runScenario(TestNGCucumberRunner.java:129)\r\n\tat io.cucumber.testng.AbstractTestNGCucumberTests.runScenario(AbstractTestNGCucumberTests.java:35)\r\n\tat java.base/jdk.internal.reflect.NativeMethodAccessorImpl.invoke0(Native Method)\r\n\tat java.base/jdk.internal.reflect.NativeMethodAccessorImpl.invoke(NativeMethodAccessorImpl.java:62)\r\n\tat java.base/jdk.internal.reflect.DelegatingMethodAccessorImpl.invoke(DelegatingMethodAccessorImpl.java:43)\r\n\tat java.base/java.lang.reflect.Method.invoke(Method.java:566)\r\n\tat org.testng.internal.invokers.MethodInvocationHelper.invokeMethod(MethodInvocationHelper.java:139)\r\n\tat org.testng.internal.invokers.TestInvoker.invokeMethod(TestInvoker.java:664)\r\n\tat org.testng.internal.invokers.TestInvoker.invokeTestMethod(TestInvoker.java:227)\r\n\tat org.testng.internal.invokers.MethodRunner.runInSequence(MethodRunner.java:50)\r\n\tat org.testng.internal.invokers.TestInvoker$MethodInvocationAgent.invoke(TestInvoker.java:957)\r\n\tat org.testng.internal.invokers.TestInvoker.invokeTestMethods(TestInvoker.java:200)\r\n\tat org.testng.internal.invokers.TestMethodWorker.invokeTestMethods(TestMethodWorker.java:148)\r\n\tat org.testng.internal.invokers.TestMethodWorker.run(TestMethodWorker.java:128)\r\n\tat java.base/java.util.ArrayList.forEach(ArrayList.java:1541)\r\n\tat org.testng.TestRunner.privateRun(TestRunner.java:848)\r\n\tat org.testng.TestRunner.run(TestRunner.java:621)\r\n\tat org.testng.SuiteRunner.runTest(SuiteRunner.java:443)\r\n\tat org.testng.SuiteRunner.runSequentially(SuiteRunner.java:437)\r\n\tat org.testng.SuiteRunner.privateRun(SuiteRunner.java:397)\r\n\tat org.testng.SuiteRunner.run(SuiteRunner.java:336)\r\n\tat org.testng.SuiteRunnerWorker.runSuite(SuiteRunnerWorker.java:52)\r\n\tat org.testng.SuiteRunnerWorker.run(SuiteRunnerWorker.java:95)\r\n\tat org.testng.TestNG.runSuitesSequentially(TestNG.java:1280)\r\n\tat org.testng.TestNG.runSuitesLocally(TestNG.java:1200)\r\n\tat org.testng.TestNG.runSuites(TestNG.java:1114)\r\n\tat org.testng.TestNG.run(TestNG.java:1082)\r\n\tat com.intellij.rt.testng.IDEARemoteTestNG.run(IDEARemoteTestNG.java:66)\r\n\tat com.intellij.rt.testng.RemoteTestNGStarter.main(RemoteTestNGStarter.java:109)\r\n"},"stage":"finished","description":"  Compare iPhone 11 prices on multiple ecommerce websites","steps":[{"name":"Given  Customer open the Ebay website","status":"passed","statusDetails":{"known":false,"muted":false,"flaky":false},"stage":"finished","steps":[{"name":"Go to Ebay page","status":"passed","stage":"finished","steps":[],"attachments":[],"parameters":[],"start":1695747180647,"stop":1695747183132}],"attachments":[],"parameters":[],"start":1695747180646,"stop":1695747183132},{"name":"When  Customer input into search textbox on Ebay","status":"broken","statusDetails":{"known":false,"muted":false,"flaky":false,"message":"Step [^[a-zA-Z].* input into search textbox on Ebay] is defined with 0 parameters at 'step.EbayStep.inputIntoSearchTextboxOnEbay()'.\nHowever, the gherkin step has 1 arguments:\n * Table:\n      | inputSearch |\n      | iphone 11   |\n\nStep text: Customer input into search textbox on Ebay","trace":"io.cucumber.core.exception.CucumberException: Step [^[a-zA-Z].* input into search textbox on Ebay] is defined with 0 parameters at 'step.EbayStep.inputIntoSearchTextboxOnEbay()'.\nHowever, the gherkin step has 1 arguments:\n * Table:\n      | inputSearch |\n      | iphone 11   |\n\nStep text: Customer input into search textbox on Ebay\r\n\tat io.cucumber.core.runner.PickleStepDefinitionMatch.arityMismatch(PickleStepDefinitionMatch.java:83)\r\n\tat io.cucumber.core.runner.PickleStepDefinitionMatch.runStep(PickleStepDefinitionMatch.java:42)\r\n\tat io.cucumber.core.runner.ExecutionMode$1.execute(ExecutionMode.java:10)\r\n\tat io.cucumber.core.runner.TestStep.executeStep(TestStep.java:84)\r\n\tat io.cucumber.core.runner.TestStep.run(TestStep.java:56)\r\n\tat io.cucumber.core.runner.PickleStepTestStep.run(PickleStepTestStep.java:51)\r\n\tat io.cucumber.core.runner.TestCase.run(TestCase.java:84)\r\n\tat io.cucumber.core.runner.Runner.runPickle(Runner.java:75)\r\n\tat io.cucumber.testng.TestNGCucumberRunner.lambda$runScenario$1(TestNGCucumberRunner.java:132)\r\n\tat io.cucumber.core.runtime.CucumberExecutionContext.lambda$runTestCase$5(CucumberExecutionContext.java:137)\r\n\tat io.cucumber.core.runtime.RethrowingThrowableCollector.executeAndThrow(RethrowingThrowableCollector.java:23)\r\n\tat io.cucumber.core.runtime.CucumberExecutionContext.runTestCase(CucumberExecutionContext.java:137)\r\n\tat io.cucumber.testng.TestNGCucumberRunner.runScenario(TestNGCucumberRunner.java:129)\r\n\tat io.cucumber.testng.AbstractTestNGCucumberTests.runScenario(AbstractTestNGCucumberTests.java:35)\r\n\tat java.base/jdk.internal.reflect.NativeMethodAccessorImpl.invoke0(Native Method)\r\n\tat java.base/jdk.internal.reflect.NativeMethodAccessorImpl.invoke(NativeMethodAccessorImpl.java:62)\r\n\tat java.base/jdk.internal.reflect.DelegatingMethodAccessorImpl.invoke(DelegatingMethodAccessorImpl.java:43)\r\n\tat java.base/java.lang.reflect.Method.invoke(Method.java:566)\r\n\tat org.testng.internal.invokers.MethodInvocationHelper.invokeMethod(MethodInvocationHelper.java:139)\r\n\tat org.testng.internal.invokers.TestInvoker.invokeMethod(TestInvoker.java:664)\r\n\tat org.testng.internal.invokers.TestInvoker.invokeTestMethod(TestInvoker.java:227)\r\n\tat org.testng.internal.invokers.MethodRunner.runInSequence(MethodRunner.java:50)\r\n\tat org.testng.internal.invokers.TestInvoker$MethodInvocationAgent.invoke(TestInvoker.java:957)\r\n\tat org.testng.internal.invokers.TestInvoker.invokeTestMethods(TestInvoker.java:200)\r\n\tat org.testng.internal.invokers.TestMethodWorker.invokeTestMethods(TestMethodWorker.java:148)\r\n\tat org.testng.internal.invokers.TestMethodWorker.run(TestMethodWorker.java:128)\r\n\tat java.base/java.util.ArrayList.forEach(ArrayList.java:1541)\r\n\tat org.testng.TestRunner.privateRun(TestRunner.java:848)\r\n\tat org.testng.TestRunner.run(TestRunner.java:621)\r\n\tat org.testng.SuiteRunner.runTest(SuiteRunner.java:443)\r\n\tat org.testng.SuiteRunner.runSequentially(SuiteRunner.java:437)\r\n\tat org.testng.SuiteRunner.privateRun(SuiteRunner.java:397)\r\n\tat org.testng.SuiteRunner.run(SuiteRunner.java:336)\r\n\tat org.testng.SuiteRunnerWorker.runSuite(SuiteRunnerWorker.java:52)\r\n\tat org.testng.SuiteRunnerWorker.run(SuiteRunnerWorker.java:95)\r\n\tat org.testng.TestNG.runSuitesSequentially(TestNG.java:1280)\r\n\tat org.testng.TestNG.runSuitesLocally(TestNG.java:1200)\r\n\tat org.testng.TestNG.runSuites(TestNG.java:1114)\r\n\tat org.testng.TestNG.run(TestNG.java:1082)\r\n\tat com.intellij.rt.testng.IDEARemoteTestNG.run(IDEARemoteTestNG.java:66)\r\n\tat com.intellij.rt.testng.RemoteTestNGStarter.main(RemoteTestNGStarter.java:109)\r\n"},"stage":"finished","steps":[],"attachments":[{"name":"Data table","source":"ca4a07c6-00cc-41e0-b1db-d8c6883477d4-attachment.csv","type":"text/tab-separated-values"}],"parameters":[],"start":1695747183133,"stop":1695747183143},{"name":"Then  Customer see the list of product","status":"skipped","statusDetails":{"known":false,"muted":false,"flaky":false},"stage":"finished","steps":[],"attachments":[],"parameters":[],"start":1695747183146,"stop":1695747183146}],"attachments":[],"parameters":[],"start":1695747180645,"stop":1695747183147}