{"uuid":"2b4c31bc-9ec1-4b68-aa6b-e4f22ae425c9","historyId":"477a0d2cba0dc445317af704b8b3e2e9","fullName":"Search: Compare iPhone 11 prices on Amazon","labels":[{"name":"host","value":"ADMIN"},{"name":"thread","value":"42164@ADMIN.main(1)"},{"name":"feature","value":"Search"},{"name":"story","value":"Compare iPhone 11 prices on Amazon"},{"name":"suite","value":"Search"},{"name":"testClass","value":"Compare iPhone 11 prices on Amazon"},{"name":"framework","value":"cucumber4jvm"},{"name":"language","value":"java"},{"name":"gherkin_uri","value":"file:///D:/VTI/Ecommerce_Product/src/main/resources/features/test.feature"},{"name":"package","value":"src.main.resources.features.test_feature.Search"}],"links":[],"name":"Compare iPhone 11 prices on Amazon","status":"broken","statusDetails":{"known":false,"muted":false,"flaky":false,"message":"Index -1 out of bounds for length 13","trace":"java.lang.IndexOutOfBoundsException: Index -1 out of bounds for length 13\r\n\tat java.base/jdk.internal.util.Preconditions.outOfBounds(Preconditions.java:64)\r\n\tat java.base/jdk.internal.util.Preconditions.outOfBoundsCheckIndex(Preconditions.java:70)\r\n\tat java.base/jdk.internal.util.Preconditions.checkIndex(Preconditions.java:248)\r\n\tat java.base/java.util.Objects.checkIndex(Objects.java:372)\r\n\tat java.base/java.util.ArrayList.get(ArrayList.java:459)\r\n\tat page.Amazon.isSearch(Amazon.java:96)\r\n\tat step.AmazonStep.printListOfSearchedProducts(AmazonStep.java:39)\r\n\tat ✽.Customer see the list of searched products(file:///D:/VTI/Ecommerce_Product/src/main/resources/features/test.feature:9)\r\n"},"stage":"finished","description":"  Compare iPhone 11 prices on multiple ecommerce websites","steps":[{"name":"Given  Customer open the Amazon website","status":"passed","statusDetails":{"known":false,"muted":false,"flaky":false},"stage":"finished","steps":[],"attachments":[],"parameters":[],"start":1695780654373,"stop":1695780656334},{"name":"When  Customer input into search textbox on Amazon","status":"passed","statusDetails":{"known":false,"muted":false,"flaky":false},"stage":"finished","steps":[],"attachments":[{"name":"Data table","source":"3ae91b6d-bc62-4ed0-9e8e-60faafdcc1ed-attachment.csv","type":"text/tab-separated-values"},{"name":"Finding web element located by 'By.xpath: //input[@id='twotabsearchtextbox']'","source":"acd04fb8-e591-4203-b1b0-51cb8aab8428-attachment","type":"text/plain"},{"name":"Found 1 web element located by 'By.xpath: //input[@id='twotabsearchtextbox']'","source":"62a78e85-4797-4f16-af24-3164e4db4c18-attachment","type":"text/plain"},{"name":"Finding web element located by 'By.xpath: //input[@id='nav-search-submit-button']'","source":"a036923a-6705-41ab-b2f8-06e0b61edd75-attachment","type":"text/plain"},{"name":"Found 1 web element located by 'By.xpath: //input[@id='nav-search-submit-button']'","source":"2f1c9a42-2407-494a-af01-7a4c0c875054-attachment","type":"text/plain"}],"parameters":[],"start":1695780656338,"stop":1695780671147},{"name":"Then  Customer see the list of searched products","status":"broken","statusDetails":{"known":false,"muted":false,"flaky":false,"message":"Index -1 out of bounds for length 13","trace":"java.lang.IndexOutOfBoundsException: Index -1 out of bounds for length 13\r\n\tat java.base/jdk.internal.util.Preconditions.outOfBounds(Preconditions.java:64)\r\n\tat java.base/jdk.internal.util.Preconditions.outOfBoundsCheckIndex(Preconditions.java:70)\r\n\tat java.base/jdk.internal.util.Preconditions.checkIndex(Preconditions.java:248)\r\n\tat java.base/java.util.Objects.checkIndex(Objects.java:372)\r\n\tat java.base/java.util.ArrayList.get(ArrayList.java:459)\r\n\tat page.Amazon.isSearch(Amazon.java:96)\r\n\tat step.AmazonStep.printListOfSearchedProducts(AmazonStep.java:39)\r\n\tat ✽.Customer see the list of searched products(file:///D:/VTI/Ecommerce_Product/src/main/resources/features/test.feature:9)\r\n"},"stage":"finished","steps":[{"name":"Search all products on amazon.com","status":"broken","statusDetails":{"known":false,"muted":false,"flaky":false,"message":"Index -1 out of bounds for length 13","trace":"java.lang.IndexOutOfBoundsException: Index -1 out of bounds for length 13\r\n\tat java.base/jdk.internal.util.Preconditions.outOfBounds(Preconditions.java:64)\r\n\tat java.base/jdk.internal.util.Preconditions.outOfBoundsCheckIndex(Preconditions.java:70)\r\n\tat java.base/jdk.internal.util.Preconditions.checkIndex(Preconditions.java:248)\r\n\tat java.base/java.util.Objects.checkIndex(Objects.java:372)\r\n\tat java.base/java.util.ArrayList.get(ArrayList.java:459)\r\n\tat page.Amazon.isSearch(Amazon.java:96)\r\n\tat step.AmazonStep.printListOfSearchedProducts(AmazonStep.java:39)\r\n\tat java.base/jdk.internal.reflect.NativeMethodAccessorImpl.invoke0(Native Method)\r\n\tat java.base/jdk.internal.reflect.NativeMethodAccessorImpl.invoke(NativeMethodAccessorImpl.java:62)\r\n\tat java.base/jdk.internal.reflect.DelegatingMethodAccessorImpl.invoke(DelegatingMethodAccessorImpl.java:43)\r\n\tat java.base/java.lang.reflect.Method.invoke(Method.java:566)\r\n\tat io.cucumber.java.Invoker.doInvoke(Invoker.java:66)\r\n\tat io.cucumber.java.Invoker.invoke(Invoker.java:24)\r\n\tat io.cucumber.java.AbstractGlueDefinition.invokeMethod(AbstractGlueDefinition.java:47)\r\n\tat io.cucumber.java.JavaStepDefinition.execute(JavaStepDefinition.java:29)\r\n\tat io.cucumber.core.runner.CoreStepDefinition.execute(CoreStepDefinition.java:66)\r\n\tat io.cucumber.core.runner.PickleStepDefinitionMatch.runStep(PickleStepDefinitionMatch.java:63)\r\n\tat io.cucumber.core.runner.ExecutionMode$1.execute(ExecutionMode.java:10)\r\n\tat io.cucumber.core.runner.TestStep.executeStep(TestStep.java:84)\r\n\tat io.cucumber.core.runner.TestStep.run(TestStep.java:56)\r\n\tat io.cucumber.core.runner.PickleStepTestStep.run(PickleStepTestStep.java:51)\r\n\tat io.cucumber.core.runner.TestCase.run(TestCase.java:84)\r\n\tat io.cucumber.core.runner.Runner.runPickle(Runner.java:75)\r\n\tat io.cucumber.testng.TestNGCucumberRunner.lambda$runScenario$1(TestNGCucumberRunner.java:132)\r\n\tat io.cucumber.core.runtime.CucumberExecutionContext.lambda$runTestCase$5(CucumberExecutionContext.java:137)\r\n\tat io.cucumber.core.runtime.RethrowingThrowableCollector.executeAndThrow(RethrowingThrowableCollector.java:23)\r\n\tat io.cucumber.core.runtime.CucumberExecutionContext.runTestCase(CucumberExecutionContext.java:137)\r\n\tat io.cucumber.testng.TestNGCucumberRunner.runScenario(TestNGCucumberRunner.java:129)\r\n\tat io.cucumber.testng.AbstractTestNGCucumberTests.runScenario(AbstractTestNGCucumberTests.java:35)\r\n\tat java.base/jdk.internal.reflect.NativeMethodAccessorImpl.invoke0(Native Method)\r\n\tat java.base/jdk.internal.reflect.NativeMethodAccessorImpl.invoke(NativeMethodAccessorImpl.java:62)\r\n\tat java.base/jdk.internal.reflect.DelegatingMethodAccessorImpl.invoke(DelegatingMethodAccessorImpl.java:43)\r\n\tat java.base/java.lang.reflect.Method.invoke(Method.java:566)\r\n\tat org.testng.internal.invokers.MethodInvocationHelper.invokeMethod(MethodInvocationHelper.java:139)\r\n\tat org.testng.internal.invokers.TestInvoker.invokeMethod(TestInvoker.java:664)\r\n\tat org.testng.internal.invokers.TestInvoker.invokeTestMethod(TestInvoker.java:227)\r\n\tat org.testng.internal.invokers.MethodRunner.runInSequence(MethodRunner.java:50)\r\n\tat org.testng.internal.invokers.TestInvoker$MethodInvocationAgent.invoke(TestInvoker.java:957)\r\n\tat org.testng.internal.invokers.TestInvoker.invokeTestMethods(TestInvoker.java:200)\r\n\tat org.testng.internal.invokers.TestMethodWorker.invokeTestMethods(TestMethodWorker.java:148)\r\n\tat org.testng.internal.invokers.TestMethodWorker.run(TestMethodWorker.java:128)\r\n\tat java.base/java.util.ArrayList.forEach(ArrayList.java:1541)\r\n\tat org.testng.TestRunner.privateRun(TestRunner.java:848)\r\n\tat org.testng.TestRunner.run(TestRunner.java:621)\r\n\tat org.testng.SuiteRunner.runTest(SuiteRunner.java:443)\r\n\tat org.testng.SuiteRunner.runSequentially(SuiteRunner.java:437)\r\n\tat org.testng.SuiteRunner.privateRun(SuiteRunner.java:397)\r\n\tat org.testng.SuiteRunner.run(SuiteRunner.java:336)\r\n\tat org.testng.SuiteRunnerWorker.runSuite(SuiteRunnerWorker.java:52)\r\n\tat org.testng.SuiteRunnerWorker.run(SuiteRunnerWorker.java:95)\r\n\tat org.testng.TestNG.runSuitesSequentially(TestNG.java:1280)\r\n\tat org.testng.TestNG.runSuitesLocally(TestNG.java:1200)\r\n\tat org.testng.TestNG.runSuites(TestNG.java:1114)\r\n\tat org.testng.TestNG.run(TestNG.java:1082)\r\n\tat com.intellij.rt.testng.IDEARemoteTestNG.run(IDEARemoteTestNG.java:66)\r\n\tat com.intellij.rt.testng.RemoteTestNGStarter.main(RemoteTestNGStarter.java:109)\r\n"},"stage":"finished","steps":[],"attachments":[],"parameters":[],"start":1695780671156,"stop":1695780675259}],"attachments":[],"parameters":[],"start":1695780671148,"stop":1695780675263}],"attachments":[],"parameters":[],"start":1695780654364,"stop":1695780675268}